<?xml version="1.0" encoding="UTF-8"?>
<!-- Generated by org.testng.reporters.JUnitReportReporter -->
<testsuite hostname="Mira-PC" name="com.eventgrid.tests.LoginTest" tests="1" failures="0" timestamp="18 Jan 2015 17:08:56 GMT" time="93.139" errors="0">
  <testcase name="testUntitled" time="93.139" classname="com.eventgrid.tests.LoginTest"/>
</testsuite> <!-- com.eventgrid.tests.LoginTest -->
